#
# A fatal error has been detected by the Java Runtime Environment:
#
#  SIGBUS (0x7) at pc=0x00007f142e54a613, pid=10753, tid=0x00007f140f6f3700
#
# JRE version: Java(TM) SE Runtime Environment (8.0_152-b16) (build 1.8.0_152-b16)
# Java VM: Java HotSpot(TM) 64-Bit Server VM (25.152-b16 mixed mode linux-amd64 compressed oops)
# Problematic frame:
# V  [libjvm.so+0xaa1613]  Unsafe_GetIntVolatile+0x43
#
# Core dump written. Default location: /home/chandra/dev/opennms/core/ipc/sink/chronicle-queue/core or core.10753
#
# If you would like to submit a bug report, please visit:
#   http://bugreport.java.com/bugreport/crash.jsp
#

---------------  T H R E A D  ---------------

Current thread (0x00007f1428df8800):  JavaThread "pool-1-thread-1" [_thread_in_vm, id=10779, stack(0x00007f140f5f3000,0x00007f140f6f4000)]

siginfo: si_signo: 7 (SIGBUS), si_code: 2 (BUS_ADRERR), si_addr: 0x00007f139c737594

Registers:
RAX=0x00007f139c737594, RBX=0x00007f1428df8800, RCX=0x00007f139c737594, RDX=0x00007f142ea74130
RSP=0x00007f140f6f24a0, RBP=0x00007f140f6f24e0, RSI=0x0000000000000006, RDI=0x00007f140f6f24a0
R8 =0x00007f140f6f2178, R9 =0x00007f140f6f2180, R10=0x00007f141948cb8c, R11=0x00007f141948cb58
R12=0x0000000000000000, R13=0x00007f139c737594, R14=0x00007f140f6f25d8, R15=0x00007f1428df8800
RIP=0x00007f142e54a613, EFLAGS=0x0000000000010202, CSGSFS=0x002b000000000033, ERR=0x0000000000000004
  TRAPNO=0x000000000000000e

Top of Stack: (sp=0x00007f140f6f24a0)
0x00007f140f6f24a0:   00007f1428df8800 00007f140f6f24d8
0x00007f140f6f24b0:   00007f1428df8800 00007f14190082bd
0x00007f140f6f24c0:   0000000000000000 00007f1416fea508
0x00007f140f6f24d0:   0000000000000000 00007f140f6f2548
0x00007f140f6f24e0:   00007f140f6f2530 00007f141948cbfe
0x00007f140f6f24f0:   0000000771b29918 0000000000000000
0x00007f140f6f2500:   000000076eec7568 00007f140f6f2560
0x00007f140f6f2510:   00007f14142000f0 00007f140fdeb130
0x00007f140f6f2520:   00007f140f6f25a8 00007f1419007dd0
0x00007f140f6f2530:   00007f140f6f25a8 00007f1419007d00
0x00007f140f6f2540:   00007f1419007d00 00007f139c737594
0x00007f140f6f2550:   0000000771670528 0000000000000000
0x00007f140f6f2560:   0000000771b29918 00007f140f6f2568
0x00007f140f6f2570:   00007f14141e6b4d 00007f140f6f25d8
0x00007f140f6f2580:   00007f14142000f0 0000000000000000
0x00007f140f6f2590:   00007f14141e6ba0 00007f140f6f2548
0x00007f140f6f25a0:   00007f140f6f25d8 00007f140f6f2620
0x00007f140f6f25b0:   00007f1419007d45 000000076eec7568
0x00007f140f6f25c0:   00007f139c737594 0000000000000000
0x00007f140f6f25d0:   0000000771670528 000000077153aa40
0x00007f140f6f25e0:   00007f140f6f25e0 00007f140fc0f294
0x00007f140f6f25f0:   00007f140f6f2648 00007f140fc17028
0x00007f140f6f2600:   0000000000000000 00007f140fc0f338
0x00007f140f6f2610:   00007f140f6f25d8 00007f140f6f2640
0x00007f140f6f2620:   00007f140f6f2698 00007f1419008114
0x00007f140f6f2630:   0000000021727440 000000006172743c
0x00007f140f6f2640:   0000000000000000 000000077153b678
0x00007f140f6f2650:   0000000771660df8 00007f140f6f2658
0x00007f140f6f2660:   00007f140f71bdd5 00007f140f6f26c0
0x00007f140f6f2670:   00007f140f7202b8 0000000000000000
0x00007f140f6f2680:   00007f140f71be80 00007f140f6f2640
0x00007f140f6f2690:   00007f140f6f26b8 00007f140f6f2708 

Instructions: (pc=0x00007f142e54a613)
0x00007f142e54a5f3:   c3 48 89 45 d0 e8 23 ab ec ff 31 c0 4d 85 e4 48
0x00007f142e54a603:   89 5d c0 74 04 49 8b 04 24 4c 01 e8 48 8d 7d c0
0x00007f142e54a613:   8b 00 89 45 dc 44 8b 65 dc e8 ef 44 94 ff 48 8b
0x00007f142e54a623:   5d d0 48 8b 05 9c 9e 4d 00 c7 83 70 02 00 00 07 

Register to memory mapping:

RAX=0x00007f139c737594 is an unknown value
RBX=0x00007f1428df8800 is a thread
RCX=0x00007f139c737594 is an unknown value
RDX=0x00007f142ea74130: <offset 0xfcb130> in /usr/java/jdk1.8.0_152/jre/lib/amd64/server/libjvm.so at 0x00007f142daa9000
RSP=0x00007f140f6f24a0 is pointing into the stack for thread: 0x00007f1428df8800
RBP=0x00007f140f6f24e0 is pointing into the stack for thread: 0x00007f1428df8800
RSI=0x0000000000000006 is an unknown value
RDI=0x00007f140f6f24a0 is pointing into the stack for thread: 0x00007f1428df8800
R8 =0x00007f140f6f2178 is pointing into the stack for thread: 0x00007f1428df8800
R9 =0x00007f140f6f2180 is pointing into the stack for thread: 0x00007f1428df8800
R10=0x00007f141948cb8c is at entry_point+76 in (nmethod*)0x00007f141948c9d0
R11=0x00007f141948cb58 is at entry_point+24 in (nmethod*)0x00007f141948c9d0
R12=0x0000000000000000 is an unknown value
R13=0x00007f139c737594 is an unknown value
R14=0x00007f140f6f25d8 is pointing into the stack for thread: 0x00007f1428df8800
R15=0x00007f1428df8800 is a thread


Stack: [0x00007f140f5f3000,0x00007f140f6f4000],  sp=0x00007f140f6f24a0,  free space=1021k
Native frames: (J=compiled Java code, j=interpreted, Vv=VM code, C=native code)
V  [libjvm.so+0xaa1613]  Unsafe_GetIntVolatile+0x43
J 1316  sun.misc.Unsafe.getIntVolatile(Ljava/lang/Object;J)I (0 bytes) @ 0x00007f141948cbfe [0x00007f141948cb40+0xbe]
j  net.openhft.chronicle.bytes.MappedBytes.peekVolatileInt()I+77
j  net.openhft.chronicle.wire.AbstractWire.readDataHeader(Z)Lnet/openhft/chronicle/wire/WireIn$HeaderType;+4
j  net.openhft.chronicle.queue.impl.single.SingleChronicleQueueExcerpts$StoreTailer.inACycle(Z)Z+77
j  net.openhft.chronicle.queue.impl.single.SingleChronicleQueueExcerpts$StoreTailer.readingDocument(Z)Lnet/openhft/chronicle/wire/DocumentContext;+48
j  net.openhft.chronicle.queue.impl.single.SingleChronicleQueueExcerpts$StoreTailer.readingDocument()Lnet/openhft/chronicle/wire/DocumentContext;+44
j  net.openhft.chronicle.wire.MarshallableIn.readBytes(Lnet/openhft/chronicle/bytes/Bytes;)Z+8
j  org.opennms.core.ipc.sink.chronicle.queue.ChronicleQueueAdapter$QueueConsumer.run()V+37
j  java.util.concurrent.ThreadPoolExecutor.runWorker(Ljava/util/concurrent/ThreadPoolExecutor$Worker;)V+95
j  java.util.concurrent.ThreadPoolExecutor$Worker.run()V+5
j  java.lang.Thread.run()V+11
v  ~StubRoutines::call_stub
V  [libjvm.so+0x695e06]  JavaCalls::call_helper(JavaValue*, methodHandle*, JavaCallArguments*, Thread*)+0x1056
V  [libjvm.so+0x696311]  JavaCalls::call_virtual(JavaValue*, KlassHandle, Symbol*, Symbol*, JavaCallArguments*, Thread*)+0x321
V  [libjvm.so+0x6967b7]  JavaCalls::call_virtual(JavaValue*, Handle, KlassHandle, Symbol*, Symbol*, Thread*)+0x47
V  [libjvm.so+0x731f10]  thread_entry(JavaThread*, Thread*)+0xa0
V  [libjvm.so+0xa7da43]  JavaThread::thread_main_inner()+0x103
V  [libjvm.so+0xa7db8c]  JavaThread::run()+0x11c
V  [libjvm.so+0x92d8d8]  java_start(Thread*)+0x108
C  [libpthread.so.0+0x7594]  start_thread+0xe4

Java frames: (J=compiled Java code, j=interpreted, Vv=VM code)
J 1316  sun.misc.Unsafe.getIntVolatile(Ljava/lang/Object;J)I (0 bytes) @ 0x00007f141948cb8c [0x00007f141948cb40+0x4c]
j  net.openhft.chronicle.bytes.MappedBytes.peekVolatileInt()I+77
j  net.openhft.chronicle.wire.AbstractWire.readDataHeader(Z)Lnet/openhft/chronicle/wire/WireIn$HeaderType;+4
j  net.openhft.chronicle.queue.impl.single.SingleChronicleQueueExcerpts$StoreTailer.inACycle(Z)Z+77
j  net.openhft.chronicle.queue.impl.single.SingleChronicleQueueExcerpts$StoreTailer.readingDocument(Z)Lnet/openhft/chronicle/wire/DocumentContext;+48
j  net.openhft.chronicle.queue.impl.single.SingleChronicleQueueExcerpts$StoreTailer.readingDocument()Lnet/openhft/chronicle/wire/DocumentContext;+44
j  net.openhft.chronicle.wire.MarshallableIn.readBytes(Lnet/openhft/chronicle/bytes/Bytes;)Z+8
j  org.opennms.core.ipc.sink.chronicle.queue.ChronicleQueueAdapter$QueueConsumer.run()V+37
j  java.util.concurrent.ThreadPoolExecutor.runWorker(Ljava/util/concurrent/ThreadPoolExecutor$Worker;)V+95
j  java.util.concurrent.ThreadPoolExecutor$Worker.run()V+5
j  java.lang.Thread.run()V+11
v  ~StubRoutines::call_stub

---------------  P R O C E S S  ---------------

Java Threads: ( => current thread )
=>0x00007f1428df8800 JavaThread "pool-1-thread-1" [_thread_in_vm, id=10779, stack(0x00007f140f5f3000,0x00007f140f6f4000)]
  0x00007f1428dd7000 JavaThread "main/disk-space-checker" daemon [_thread_blocked, id=10778, stack(0x00007f140f8f4000,0x00007f140f9f5000)]
  0x00007f1428dd2000 JavaThread "main/queue-thread-local-cleaner-daemon" daemon [_thread_blocked, id=10777, stack(0x00007f140f9f5000,0x00007f140faf6000)]
  0x00007f1428d7f000 JavaThread "chronicle-weak-reference-cleaner" daemon [_thread_blocked, id=10776, stack(0x00007f140faf6000,0x00007f140fbf7000)]
  0x00007f14288ae000 JavaThread "ReaderThread" [_thread_in_native, id=10774, stack(0x00007f1414c93000,0x00007f1414d94000)]
  0x00007f14280ca000 JavaThread "Service Thread" daemon [_thread_blocked, id=10771, stack(0x00007f14155f6000,0x00007f14156f7000)]
  0x00007f14280c7000 JavaThread "C1 CompilerThread2" daemon [_thread_blocked, id=10770, stack(0x00007f14156f8000,0x00007f14157f8000)]
  0x00007f14280c5800 JavaThread "C2 CompilerThread1" daemon [_thread_blocked, id=10769, stack(0x00007f14157f9000,0x00007f14158f9000)]
  0x00007f14280c2800 JavaThread "C2 CompilerThread0" daemon [_thread_blocked, id=10768, stack(0x00007f14158fa000,0x00007f14159fa000)]
  0x00007f14280c0800 JavaThread "Signal Dispatcher" daemon [_thread_blocked, id=10767, stack(0x00007f14159fa000,0x00007f1415afb000)]
  0x00007f142808d800 JavaThread "Finalizer" daemon [_thread_blocked, id=10766, stack(0x00007f1415afb000,0x00007f1415bfc000)]
  0x00007f1428089000 JavaThread "Reference Handler" daemon [_thread_blocked, id=10765, stack(0x00007f1415bfc000,0x00007f1415cfd000)]
  0x00007f1428013800 JavaThread "main" [_thread_in_vm, id=10755, stack(0x00007f142f5a2000,0x00007f142f6a2000)]

Other Threads:
  0x00007f1428081000 VMThread [stack: 0x00007f1415cfe000,0x00007f1415dfe000] [id=10764]
  0x00007f14280cf800 WatcherThread [stack: 0x00007f14154f6000,0x00007f14155f6000] [id=10772]

VM state:not at safepoint (normal execution)

VM Mutex/Monitor currently owned by a thread: None

Heap:
 PSYoungGen      total 74240K, used 69385K [0x000000076dc00000, 0x0000000776d00000, 0x00000007c0000000)
  eden space 64000K, 94% used [0x000000076dc00000,0x00000007716c14c8,0x0000000771a80000)
  from space 10240K, 90% used [0x0000000771a80000,0x0000000772381108,0x0000000772480000)
  to   space 10240K, 0% used [0x0000000776300000,0x0000000776300000,0x0000000776d00000)
 ParOldGen       total 169472K, used 8K [0x00000006c9400000, 0x00000006d3980000, 0x000000076dc00000)
  object space 169472K, 0% used [0x00000006c9400000,0x00000006c9402000,0x00000006d3980000)
 Metaspace       used 20912K, capacity 21218K, committed 21296K, reserved 1069056K
  class space    used 2298K, capacity 2427K, committed 2432K, reserved 1048576K

Card table byte_map: [0x00007f1418849000,0x00007f1419000000] byte_map_base: 0x00007f14151ff000

Marking Bits: (ParMarkBitMap*) 0x00007f142ea781a0
 Begin Bits: [0x00007f13f04a0000, 0x00007f13f4250000)
 End Bits:   [0x00007f13f4250000, 0x00007f13f8000000)

Polling page: 0x00007f142f6c1000

CodeCache: size=245760Kb used=5879Kb max_used=5886Kb free=239880Kb
 bounds [0x00007f1419000000, 0x00007f14195d0000, 0x00007f1428000000]
 total_blobs=2151 nmethods=1725 adapters=339
 compilation: enabled

Compilation events (10 events):
Event: 2.291 Thread 0x00007f14280c5800 1726       4       jdk.internal.org.objectweb.asm.ClassWriter::put (152 bytes)
Event: 2.293 Thread 0x00007f14280c5800 nmethod 1726 0x00007f14195a7810 code [0x00007f14195a7960, 0x00007f14195a7a98]
Event: 2.293 Thread 0x00007f14280c7000 nmethod 1724 0x00007f14195b4d50 code [0x00007f14195b5100, 0x00007f14195b7238]
Event: 2.295 Thread 0x00007f14280c7000 1727       3       java.lang.invoke.LambdaForm$BMH/1509791656::reinvoke (25 bytes)
Event: 2.296 Thread 0x00007f14280c7000 nmethod 1727 0x00007f14195b4490 code [0x00007f14195b4620, 0x00007f14195b4c18]
Event: 2.296 Thread 0x00007f14280c7000 1728       3       java.lang.invoke.LambdaForm$DMH/1781071780::invokeStatic_LL_L (15 bytes)
Event: 2.296 Thread 0x00007f14280c7000 nmethod 1728 0x00007f14195b3c10 code [0x00007f14195b3da0, 0x00007f14195b4358]
Event: 2.298 Thread 0x00007f14280c5800 1729       4       java.util.jar.Manifest$FastInputStream::peek (38 bytes)
Event: 2.299 Thread 0x00007f14280c5800 nmethod 1729 0x00007f14195b3910 code [0x00007f14195b3a60, 0x00007f14195b3b48]
Event: 2.299 Thread 0x00007f14280c7000 1730   !   3       java.lang.Package::getSystemPackage (63 bytes)

GC Heap History (2 events):
Event: 1.126 GC heap before
{Heap before GC invocations=1 (full 0):
 PSYoungGen      total 74240K, used 64000K [0x000000076dc00000, 0x0000000772e80000, 0x00000007c0000000)
  eden space 64000K, 100% used [0x000000076dc00000,0x0000000771a80000,0x0000000771a80000)
  from space 10240K, 0% used [0x0000000772480000,0x0000000772480000,0x0000000772e80000)
  to   space 10240K, 0% used [0x0000000771a80000,0x0000000771a80000,0x0000000772480000)
 ParOldGen       total 169472K, used 0K [0x00000006c9400000, 0x00000006d3980000, 0x000000076dc00000)
  object space 169472K, 0% used [0x00000006c9400000,0x00000006c9400000,0x00000006d3980000)
 Metaspace       used 12521K, capacity 12584K, committed 12672K, reserved 1060864K
  class space    used 1324K, capacity 1362K, committed 1408K, reserved 1048576K
Event: 1.140 GC heap after
Heap after GC invocations=1 (full 0):
 PSYoungGen      total 74240K, used 9220K [0x000000076dc00000, 0x0000000776d00000, 0x00000007c0000000)
  eden space 64000K, 0% used [0x000000076dc00000,0x000000076dc00000,0x0000000771a80000)
  from space 10240K, 90% used [0x0000000771a80000,0x0000000772381108,0x0000000772480000)
  to   space 10240K, 0% used [0x0000000776300000,0x0000000776300000,0x0000000776d00000)
 ParOldGen       total 169472K, used 8K [0x00000006c9400000, 0x00000006d3980000, 0x000000076dc00000)
  object space 169472K, 0% used [0x00000006c9400000,0x00000006c9402000,0x00000006d3980000)
 Metaspace       used 12521K, capacity 12584K, committed 12672K, reserved 1060864K
  class space    used 1324K, capacity 1362K, committed 1408K, reserved 1048576K
}

Deoptimization events (10 events):
Event: 1.341 Thread 0x00007f1428013800 Uncommon trap: reason=unstable_if action=reinterpret pc=0x00007f14192a841c method=sun.misc.MetaIndex.mayContain(Ljava/lang/String;)Z @ 38
Event: 1.392 Thread 0x00007f1428013800 Uncommon trap: reason=null_check action=maybe_recompile pc=0x00007f141935bc84 method=java.net.URL.<init>(Ljava/net/URL;Ljava/lang/String;Ljava/net/URLStreamHandler;)V @ 50
Event: 1.396 Thread 0x00007f1428013800 Uncommon trap: reason=unstable_if action=reinterpret pc=0x00007f14192b12fc method=java.lang.ref.SoftReference.get()Ljava/lang/Object; @ 17
Event: 1.398 Thread 0x00007f1428013800 Uncommon trap: reason=null_check action=maybe_recompile pc=0x00007f141935bc84 method=java.net.URL.<init>(Ljava/net/URL;Ljava/lang/String;Ljava/net/URLStreamHandler;)V @ 50
Event: 1.399 Thread 0x00007f1428013800 Uncommon trap: reason=null_check action=maybe_recompile pc=0x00007f141935bc84 method=java.net.URL.<init>(Ljava/net/URL;Ljava/lang/String;Ljava/net/URLStreamHandler;)V @ 50
Event: 1.745 Thread 0x00007f1428013800 Uncommon trap: reason=unstable_if action=reinterpret pc=0x00007f1419280c30 method=java.util.HashMap.hash(Ljava/lang/Object;)I @ 1
Event: 1.745 Thread 0x00007f1428013800 Uncommon trap: reason=unstable_if action=reinterpret pc=0x00007f141922c968 method=java.util.HashMap.hash(Ljava/lang/Object;)I @ 1
Event: 1.778 Thread 0x00007f1428013800 Uncommon trap: reason=unstable_if action=reinterpret pc=0x00007f1419277de8 method=java.lang.ThreadLocal$ThreadLocalMap.getEntry(Ljava/lang/ThreadLocal;)Ljava/lang/ThreadLocal$ThreadLocalMap$Entry; @ 29
Event: 1.779 Thread 0x00007f1428013800 Uncommon trap: reason=unstable_if action=reinterpret pc=0x00007f141927c5f8 method=java.lang.ThreadLocal$ThreadLocalMap.getEntry(Ljava/lang/ThreadLocal;)Ljava/lang/ThreadLocal$ThreadLocalMap$Entry; @ 29
Event: 1.835 Thread 0x00007f1428013800 Uncommon trap: reason=unstable_if action=reinterpret pc=0x00007f14191b98dc method=java.lang.AbstractStringBuilder.append(Ljava/lang/String;)Ljava/lang/AbstractStringBuilder; @ 1

Classes redefined (0 events):
No events

Internal exceptions (10 events):
Event: 2.258 Thread 0x00007f1428013800 Implicit null exception at 0x00007f1419525924 to 0x00007f1419525a07
Event: 2.258 Thread 0x00007f1428013800 Exception <a 'java/lang/NullPointerException'> (0x0000000771400b10) thrown at [/HUDSON/workspace/8-2-build-linux-amd64/jdk8u152/9742/hotspot/src/share/vm/runtime/sharedRuntime.cpp, line 605]
Event: 2.258 Thread 0x00007f1428013800 Implicit null exception at 0x00007f1419525924 to 0x00007f1419525a07
Event: 2.258 Thread 0x00007f1428013800 Exception <a 'java/lang/NullPointerException'> (0x0000000771401e10) thrown at [/HUDSON/workspace/8-2-build-linux-amd64/jdk8u152/9742/hotspot/src/share/vm/runtime/sharedRuntime.cpp, line 605]
Event: 2.258 Thread 0x00007f1428013800 Implicit null exception at 0x00007f1419525924 to 0x00007f1419525a07
Event: 2.258 Thread 0x00007f1428013800 Exception <a 'java/lang/NullPointerException'> (0x0000000771403110) thrown at [/HUDSON/workspace/8-2-build-linux-amd64/jdk8u152/9742/hotspot/src/share/vm/runtime/sharedRuntime.cpp, line 605]
Event: 2.265 Thread 0x00007f1428013800 Exception <a 'java/lang/NullPointerException'> (0x000000077140e1c0) thrown at [/HUDSON/workspace/8-2-build-linux-amd64/jdk8u152/9742/hotspot/src/share/vm/interpreter/linkResolver.cpp, line 1185]
Event: 2.270 Thread 0x00007f1428013800 Exception <a 'java/lang/IncompatibleClassChangeError': Found class java.lang.Object, but interface was expected> (0x0000000771422e88) thrown at [/HUDSON/workspace/8-2-build-linux-amd64/jdk8u152/9742/hotspot/src/share/vm/interpreter/linkResolver.cpp, line 
Event: 2.281 Thread 0x00007f1428013800 Exception <a 'java/lang/NoSuchMethodError': java.lang.Object.lambda$identity$2(Ljava/lang/Object;)Ljava/lang/Object;> (0x00000007714b18d0) thrown at [/HUDSON/workspace/8-2-build-linux-amd64/jdk8u152/9742/hotspot/src/share/vm/interpreter/linkResolver.cpp, 
Event: 2.282 Thread 0x00007f1428013800 Exception <a 'java/lang/NullPointerException'> (0x00000007714b4ba8) thrown at [/HUDSON/workspace/8-2-build-linux-amd64/jdk8u152/9742/hotspot/src/share/vm/interpreter/linkResolver.cpp, line 1185]

Events (10 events):
Event: 2.297 loading class com/jayway/awaitility/core/Condition
Event: 2.297 loading class com/jayway/awaitility/core/Condition done
Event: 2.297 loading class org/hamcrest/Matcher
Event: 2.297 loading class org/hamcrest/Matcher done
Event: 2.297 loading class org/hamcrest/Matchers
Event: 2.297 loading class org/hamcrest/Matchers done
Event: 2.298 loading class net/openhft/chronicle/bytes/BytesUtil
Event: 2.298 loading class net/openhft/chronicle/bytes/BytesUtil done
Event: 2.299 loading class org/hamcrest/core/IsEqual
Event: 2.299 loading class org/hamcrest/core/IsEqual done


Dynamic libraries:
00400000-00401000 r-xp 00000000 fd:00 269927                             /usr/java/jdk1.8.0_152/bin/java
00600000-00601000 rw-p 00000000 fd:00 269927                             /usr/java/jdk1.8.0_152/bin/java
0194c000-0196d000 rw-p 00000000 00:00 0                                  [heap]
6c9400000-6d3980000 rw-p 00000000 00:00 0 
6d3980000-76dc00000 ---p 00000000 00:00 0 
76dc00000-776d00000 rw-p 00000000 00:00 0 
776d00000-7c0000000 ---p 00000000 00:00 0 
7c0000000-7c0260000 rw-p 00000000 00:00 0 
7c0260000-800000000 ---p 00000000 00:00 0 
7f139b000000-7f13a0000000 r--s 20000000 fd:02 20060587                   /home/chandra/dev/test/cq/Traps/20180904-16.cq4
7f13a0000000-7f13a02a0000 rw-p 00000000 00:00 0 
7f13a02a0000-7f13a4000000 ---p 00000000 00:00 0 
7f13a6000000-7f13ab000000 r--s 00000000 fd:02 20060587                   /home/chandra/dev/test/cq/Traps/20180904-16.cq4
7f13ab000000-7f13b0000000 rw-s 00000000 fd:02 20060587                   /home/chandra/dev/test/cq/Traps/20180904-16.cq4
7f13b0000000-7f13b0021000 rw-p 00000000 00:00 0 
7f13b0021000-7f13b4000000 ---p 00000000 00:00 0 
7f13b4000000-7f13b4021000 rw-p 00000000 00:00 0 
7f13b4021000-7f13b8000000 ---p 00000000 00:00 0 
7f13b8000000-7f13b8021000 rw-p 00000000 00:00 0 
7f13b8021000-7f13bc000000 ---p 00000000 00:00 0 
7f13bc000000-7f13bc021000 rw-p 00000000 00:00 0 
7f13bc021000-7f13c0000000 ---p 00000000 00:00 0 
7f13c0000000-7f13c0021000 rw-p 00000000 00:00 0 
7f13c0021000-7f13c4000000 ---p 00000000 00:00 0 
7f13c4000000-7f13c4021000 rw-p 00000000 00:00 0 
7f13c4021000-7f13c8000000 ---p 00000000 00:00 0 
7f13c8000000-7f13c8499000 rw-p 00000000 00:00 0 
7f13c8499000-7f13cc000000 ---p 00000000 00:00 0 
7f13cc000000-7f13cc3cf000 rw-p 00000000 00:00 0 
7f13cc3cf000-7f13d0000000 ---p 00000000 00:00 0 
7f13d0000000-7f13d06d4000 rw-p 00000000 00:00 0 
7f13d06d4000-7f13d4000000 ---p 00000000 00:00 0 
7f13d782f000-7f13e4000000 r--p 00000000 fd:00 3148729                    /usr/lib/locale/locale-archive
7f13e4000000-7f13e4021000 rw-p 00000000 00:00 0 
7f13e4021000-7f13e8000000 ---p 00000000 00:00 0 
7f13e8000000-7f13e8021000 rw-p 00000000 00:00 0 
7f13e8021000-7f13ec000000 ---p 00000000 00:00 0 
7f13ec000000-7f13ec021000 rw-p 00000000 00:00 0 
7f13ec021000-7f13f0000000 ---p 00000000 00:00 0 
7f13f04a0000-7f13f8000000 rw-p 00000000 00:00 0 
7f13f8000000-7f13f8021000 rw-p 00000000 00:00 0 
7f13f8021000-7f13fc000000 ---p 00000000 00:00 0 
7f13fc000000-7f13fc021000 rw-p 00000000 00:00 0 
7f13fc021000-7f1400000000 ---p 00000000 00:00 0 
7f1400000000-7f1400021000 rw-p 00000000 00:00 0 
7f1400021000-7f1404000000 ---p 00000000 00:00 0 
7f1408000000-7f1408021000 rw-p 00000000 00:00 0 
7f1408021000-7f140c000000 ---p 00000000 00:00 0 
7f140f5f3000-7f140f5f6000 ---p 00000000 00:00 0 
7f140f5f6000-7f140f760000 rw-p 00000000 00:00 0 
7f140f760000-7f140f8f4000 ---p 00000000 00:00 0 
7f140f8f4000-7f140f8f7000 ---p 00000000 00:00 0 
7f140f8f7000-7f140f9f5000 rw-p 00000000 00:00 0 
7f140f9f5000-7f140f9f8000 ---p 00000000 00:00 0 
7f140f9f8000-7f140faf6000 rw-p 00000000 00:00 0 
7f140faf6000-7f140faf9000 ---p 00000000 00:00 0 
7f140faf9000-7f140fdf7000 rw-p 00000000 00:00 0 
7f140fdf7000-7f140fe00000 r-xp 00000000 fd:00 270097                     /usr/java/jdk1.8.0_152/jre/lib/amd64/libmanagement.so
7f140fe00000-7f140ffff000 ---p 00009000 fd:00 270097                     /usr/java/jdk1.8.0_152/jre/lib/amd64/libmanagement.so
7f140ffff000-7f1410000000 rw-p 00008000 fd:00 270097                     /usr/java/jdk1.8.0_152/jre/lib/amd64/libmanagement.so
7f1410000000-7f1410021000 rw-p 00000000 00:00 0 
7f1410021000-7f1414000000 ---p 00000000 00:00 0 
7f1414034000-7f1414044000 r--s 00000000 fd:02 20060586                   /home/chandra/dev/test/cq/Traps/metadata.cq4t
7f1414044000-7f1414054000 rw-s 00000000 fd:02 20060586                   /home/chandra/dev/test/cq/Traps/metadata.cq4t
7f1414054000-7f1414254000 rw-p 00000000 00:00 0 
7f1414254000-7f1414265000 r-xp 00000000 fd:00 270100                     /usr/java/jdk1.8.0_152/jre/lib/amd64/libnio.so
7f1414265000-7f1414464000 ---p 00011000 fd:00 270100                     /usr/java/jdk1.8.0_152/jre/lib/amd64/libnio.so
7f1414464000-7f1414465000 rw-p 00010000 fd:00 270100                     /usr/java/jdk1.8.0_152/jre/lib/amd64/libnio.so
7f1414465000-7f1414665000 rw-p 00000000 00:00 0 
7f1414665000-7f1414865000 rw-p 00000000 00:00 0 
7f1414865000-7f1414a65000 rw-p 00000000 00:00 0 
7f1414a65000-7f1414a70000 r-xp 00000000 fd:00 3153068                    /usr/lib64/libnss_files-2.27.so
7f1414a70000-7f1414c6f000 ---p 0000b000 fd:00 3153068                    /usr/lib64/libnss_files-2.27.so
7f1414c6f000-7f1414c70000 r--p 0000a000 fd:00 3153068                    /usr/lib64/libnss_files-2.27.so
7f1414c70000-7f1414c71000 rw-p 0000b000 fd:00 3153068                    /usr/lib64/libnss_files-2.27.so
7f1414c71000-7f1414c77000 rw-p 00000000 00:00 0 
7f1414c77000-7f1414c8c000 r--s 000ff000 fd:00 270364                     /usr/java/jdk1.8.0_152/jre/lib/resources.jar
7f1414c8c000-7f1414c8f000 r--s 0001a000 fd:00 270294                     /usr/java/jdk1.8.0_152/jre/lib/jce.jar
7f1414c8f000-7f1414c93000 r--s 0009a000 fd:00 270365                     /usr/java/jdk1.8.0_152/jre/lib/jsse.jar
7f1414c93000-7f1414c96000 ---p 00000000 00:00 0 
7f1414c96000-7f1414d94000 rw-p 00000000 00:00 0 
7f1414d94000-7f1414daa000 r-xp 00000000 fd:00 270099                     /usr/java/jdk1.8.0_152/jre/lib/amd64/libnet.so
7f1414daa000-7f1414faa000 ---p 00016000 fd:00 270099                     /usr/java/jdk1.8.0_152/jre/lib/amd64/libnet.so
7f1414faa000-7f1414fab000 rw-p 00016000 fd:00 270099                     /usr/java/jdk1.8.0_152/jre/lib/amd64/libnet.so
7f1414fab000-7f1414fad000 r--s 00000000 fd:02 7604742                    /home/chandra/.m2/repository/org/opennms/core/ipc/sink/org.opennms.core.ipc.sink.xml/23.0.0-SNAPSHOT/org.opennms.core.ipc.sink.xml-23.0.0-SNAPSHOT.jar
7f1414fad000-7f1414faf000 r--s 00003000 fd:02 7604309                    /home/chandra/.m2/repository/org/opennms/features/reporting/org.opennms.features.reporting.model/23.0.0-SNAPSHOT/org.opennms.features.reporting.model-23.0.0-SNAPSHOT.jar
7f1414faf000-7f1414fbc000 r--s 0008a000 fd:02 6423596                    /home/chandra/.m2/repository/org/opennms/opennms-config-model/23.0.0-SNAPSHOT/opennms-config-model-23.0.0-SNAPSHOT.jar
7f1414fbc000-7f1414fc1000 r--s 0002d000 fd:02 6423501                    /home/chandra/.m2/repository/org/opennms/opennms-config-jaxb/23.0.0-SNAPSHOT/opennms-config-jaxb-23.0.0-SNAPSHOT.jar
7f1414fc1000-7f1414fc3000 r--s 00002000 fd:02 7604156                    /home/chandra/.m2/repository/org/opennms/opennms-config-api/23.0.0-SNAPSHOT/opennms-config-api-23.0.0-SNAPSHOT.jar
7f1414fc3000-7f1414fc5000 r--s 0000c000 fd:02 7604217                    /home/chandra/.m2/repository/org/opennms/core/org.opennms.core.soa/23.0.0-SNAPSHOT/org.opennms.core.soa-23.0.0-SNAPSHOT.jar
7f1414fc5000-7f1414fc7000 r--s 0000b000 fd:02 7604133                    /home/chandra/.m2/repository/org/opennms/core/org.opennms.core.criteria/23.0.0-SNAPSHOT/org.opennms.core.criteria-23.0.0-SNAPSHOT.jar
7f1414fc7000-7f1414fcb000 r--s 0000c000 fd:02 7604316                    /home/chandra/.m2/repository/org/opennms/opennms-dao-api/23.0.0-SNAPSHOT/opennms-dao-api-23.0.0-SNAPSHOT.jar
7f1414fcb000-7f1414fd2000 r--s 00064000 fd:02 2361956                    /home/chandra/.m2/repository/org/apache/commons/commons-lang3/3.4/commons-lang3-3.4.jar
7f1414fd2000-7f141504c000 r--s 010ea000 fd:00 271746                     /usr/java/jdk1.8.0_152/lib/tools.jar
7f141504c000-7f141504e000 r--s 00003000 fd:02 2623621                    /home/chandra/.m2/repository/org/apache/geronimo/specs/geronimo-j2ee-management_1.1_spec/1.0.1/geronimo-j2ee-management_1.1_spec-1.0.1.jar
7f141504e000-7f1415050000 r--s 0000b000 fd:02 2623646                    /home/chandra/.m2/repository/org/fusesource/hawtbuf/hawtbuf/1.11/hawtbuf-1.11.jar
7f1415050000-7f1415069000 r--s 00144000 fd:02 2623644                    /home/chandra/.m2/repository/org/apache/activemq/activemq-client/5.14.5/activemq-client-5.14.5.jar
7f1415069000-7f141506b000 r--s 0000b000 fd:02 2623655                    /home/chandra/.m2/repository/org/apache/activemq/activemq-jms-pool/5.14.5/activemq-jms-pool-5.14.5.jar
7f141506b000-7f141506d000 r--s 00004000 fd:02 2623652                    /home/chandra/.m2/repository/org/apache/activemq/activemq-pool/5.14.5/activemq-pool-5.14.5.jar
7f141506d000-7f1415070000 r--s 00019000 fd:02 2623648                    /home/chandra/.m2/repository/org/apache/commons/commons-pool2/2.4.2/commons-pool2-2.4.2.jar
7f1415070000-7f1415072000 r--s 00002000 fd:02 2623657                    /home/chandra/.m2/repository/org/apache/geronimo/specs/geronimo-jta_1.0.1B_spec/1.0.1/geronimo-jta_1.0.1B_spec-1.0.1.jar
7f1415072000-7f141507f000 r--s 0009b000 fd:02 2623636                    /home/chandra/.m2/repository/org/apache/activemq/activemq-openwire-legacy/5.14.5/activemq-openwire-legacy-5.14.5.jar
7f141507f000-7f1415092000 r--s 0010b000 fd:02 2623634                    /home/chandra/.m2/repository/org/apache/activemq/activemq-broker/5.14.5/activemq-broker-5.14.5.jar
7f1415092000-7f1415096000 r--s 0001d000 fd:02 2623650                    /home/chandra/.m2/repository/org/apache/xbean/xbean-spring/4.2/xbean-spring-4.2.jar
7f1415096000-7f1415098000 r--s 00028000 fd:02 2623633                    /home/chandra/.m2/repository/org/apache/activemq/activemq-spring/5.14.5/activemq-spring-5.14.5.jar
7f1415098000-7f141509d000 r--s 0004d000 fd:02 3807520                    /home/chandra/.m2/repository/org/apache/camel/camel-spring/2.19.1/camel-spring-2.19.1.jar
7f141509d000-7f14150a1000 r--s 00029000 fd:02 3542221                    /home/chandra/.m2/repository/org/apache/camel/camel-jms/2.19.1/camel-jms-2.19.1.jar
7f14150a1000-7f14150a3000 r--s 00011000 fd:02 3279034                    /home/chandra/.m2/repository/org/apache/activemq/activemq-camel/5.14.5/activemq-camel-5.14.5.jar
7f14150a3000-7f14150ad000 r--s 000a5000 fd:02 2623459                    /home/chandra/.m2/repository/org/javassist/javassist/3.18.2-GA/javassist-3.18.2-GA.jar
7f14150ad000-7f14150af000 r--s 00006000 fd:02 2623457                    /home/chandra/.m2/repository/org/apache/geronimo/specs/geronimo-jms_1.1_spec/1.1.1/geronimo-jms_1.1_spec-1.1.1.jar
7f14150af000-7f14150b0000 r--s 00006000 fd:02 24776453                   /home/chandra/.m2/repository/org/codehaus/jackson/jackson-xc/1.9.13/jackson-xc-1.9.13.jar
7f14150b0000-7f14150b1000 r--s 00004000 fd:02 24645446                   /home/chandra/.m2/repository/org/codehaus/jackson/jackson-jaxrs/1.9.13/jackson-jaxrs-1.9.13.jar
7f14150b1000-7f14150bf000 r--s 000b1000 fd:02 24645444                   /home/chandra/.m2/repository/org/codehaus/jackson/jackson-mapper-asl/1.9.13/jackson-mapper-asl-1.9.13.jar
7f14150bf000-7f14150c3000 r--s 00035000 fd:02 24514674                   /home/chandra/.m2/repository/org/codehaus/jackson/jackson-core-asl/1.9.13/jackson-core-asl-1.9.13.jar
7f14150c3000-7f14150d0000 r--s 00083000 fd:02 26610807                   /home/chandra/.m2/repository/commons-collections/commons-collections/3.2.2/commons-collections-3.2.2.jar
7f14150d0000-7f14150d1000 r--s 00001000 fd:02 2623455                    /home/chandra/.m2/repository/javax/annotation/jsr250-api/1.0/jsr250-api-1.0.jar
7f14150d1000-7f14150e8000 r--s 001a7000 fd:02 2623453                    /home/chandra/.m2/repository/org/apache/servicemix/bundles/org.apache.servicemix.bundles.aspectj/1.8.6_1/org.apache.servicemix.bundles.aspectj-1.8.6_1.jar
7f14150e8000-7f14150ea000 r--s 00003000 fd:02 2623451                    /home/chandra/.m2/repository/org/apache/servicemix/bundles/org.apache.servicemix.bundles.aopalliance/1.0_6/org.apache.servicemix.bundles.aopalliance-1.0_6.jar
7f14150ea000-7f14150f2000 r--s 0003b000 fd:02 2623449                    /home/chandra/.m2/repository/org/apache/servicemix/bundles/org.apache.servicemix.bundles.spring-tx/4.2.9.RELEASE_1/org.apache.servicemix.bundles.spring-tx-4.2.9.RELEASE_1.jar
7f14150f2000-7f14150fc000 r--s 0006b000 fd:02 2623447                    /home/chandra/.m2/repository/org/apache/servicemix/bundles/org.apache.servicemix.bundles.spring-orm/4.2.9.RELEASE_1/org.apache.servicemix.bundles.spring-orm-4.2.9.RELEASE_1.jar
7f14150fc000-7f1415106000 r--s 00055000 fd:02 2623445                    /home/chandra/.m2/repository/org/apache/servicemix/bundles/org.apache.servicemix.bundles.spring-messaging/4.2.9.RELEASE_1/org.apache.servicemix.bundles.spring-messaging-4.2.9.RELEASE_1.jar
7f1415106000-7f1415114000 r--s 00094000 fd:02 2493098                    /home/chandra/.m2/repository/org/apache/servicemix/bundles/org.apache.servicemix.bundles.spring-jms/4.2.9.RELEASE_1/org.apache.servicemix.bundles.spring-jms-4.2.9.RELEASE_1.jar
7f1415114000-7f141511e000 r--s 00060000 fd:02 2493096                    /home/chandra/.m2/repository/org/apache/servicemix/bundles/org.apache.servicemix.bundles.spring-jdbc/4.2.9.RELEASE_1/org.apache.servicemix.bundles.spring-jdbc-4.2.9.RELEASE_1.jar
7f141511e000-7f1415120000 r--s 00014000 fd:02 2493095                    /home/chandra/.m2/repository/org/apache/servicemix/bundles/org.apache.servicemix.bundles.spring-oxm/4.2.9.RELEASE_1/org.apache.servicemix.bundles.spring-oxm-4.2.9.RELEASE_1.jar
7f1415120000-7f1415122000 r--s 00001000 fd:02 2493092                    /home/chandra/.m2/repository/org/apache/servicemix/bundles/org.apache.servicemix.bundles.spring-instrument/4.2.9.RELEASE_1/org.apache.servicemix.bundles.spring-instrument-4.2.9.RELEASE_1.jar
7f1415122000-7f1415127000 r--s 0003d000 fd:02 2493091                    /home/chandra/.m2/repository/org/apache/servicemix/bundles/org.apache.servicemix.bundles.spring-expression/4.2.9.RELEASE_1/org.apache.servicemix.bundles.spring-expression-4.2.9.RELEASE_1.jar
7f1415127000-7f141513d000 r--s 000fa000 fd:02 2493088                    /home/chandra/.m2/repository/org/apache/servicemix/bundles/org.apache.servicemix.bundles.spring-core/4.2.9.RELEASE_1/org.apache.servicemix.bundles.spring-core-4.2.9.RELEASE_1.jar
7f141513d000-7f1415141000 r--s 00029000 fd:02 2493086                    /home/chandra/.m2/repository/org/apache/servicemix/bundles/org.apache.servicemix.bundles.spring-context-support/4.2.9.RELEASE_1/org.apache.servicemix.bundles.spring-context-support-4.2.9.RELEASE_1.jar
7f1415141000-7f141515b000 r--s 000f8000 fd:02 2493082                    /home/chandra/.m2/repository/org/apache/servicemix/bundles/org.apache.servicemix.bundles.spring-context/4.2.9.RELEASE_1/org.apache.servicemix.bundles.spring-context-4.2.9.RELEASE_1.jar
7f141515b000-7f1415169000 r--s 000a8000 fd:02 2493085                    /home/chandra/.m2/repository/org/apache/servicemix/bundles/org.apache.servicemix.bundles.spring-beans/4.2.9.RELEASE_1/org.apache.servicemix.bundles.spring-beans-4.2.9.RELEASE_1.jar
7f1415169000-7f141516c000 r--s 00013000 fd:02 2493080                    /home/chandra/.m2/repository/org/apache/servicemix/bundles/org.apache.servicemix.bundles.spring-aspects/4.2.9.RELEASE_1/org.apache.servicemix.bundles.spring-aspects-4.2.9.RELEASE_1.jar
7f141516c000-7f1415176000 r--s 00054000 fd:02 2493078                    /home/chandra/.m2/repository/org/apache/servicemix/bundles/org.apache.servicemix.bundles.spring-aop/4.2.9.RELEASE_1/org.apache.servicemix.bundles.spring-aop-4.2.9.RELEASE_1.jar
7f1415176000-7f1415177000 r--s 00000000 fd:02 7604205                    /home/chandra/.m2/repository/org/opennms/features/activemq/org.opennms.features.activemq.pool/23.0.0-SNAPSHOT/org.opennms.features.activemq.pool-23.0.0-SNAPSHOT.jar
7f1415177000-7f1415178000 r--s 00000000 fd:02 7604211                    /home/chandra/.m2/repository/org/opennms/features/activemq/org.opennms.features.activemq.component/23.0.0-SNAPSHOT/org.opennms.features.activemq.component-23.0.0-SNAPSHOT.jar
7f1415178000-7f141517a000 r--s 00008000 fd:02 2755126                    /home/chandra/.m2/repository/org/apache/activemq/activemq-jaas/5.14.5/activemq-jaas-5.14.5.jar
7f141517a000-7f141517b000 r--s 00005000 fd:02 2755140                    /home/chandra/.m2/repository/commons-daemon/commons-daemon/1.0.15/commons-daemon-1.0.15.jar
7f141517b000-7f141517e000 r--s 00030000 fd:02 2755135                    /home/chandra/.m2/repository/org/apache/servicemix/bundles/org.apache.servicemix.bundles.josql/1.5_5/org.apache.servicemix.bundles.josql-1.5_5.jar
7f141517e000-7f1415186000 r--s 00066000 fd:02 2755134                    /home/chandra/.m2/repository/org/apache/velocity/velocity/1.7/velocity-1.7.jar
7f1415186000-7f1415197000 r--s 0010d000 fd:02 2755131                    /home/chandra/.m2/repository/com/fasterxml/jackson/core/jackson-databind/2.6.6/jackson-databind-2.6.6.jar
7f1415197000-7f141519a000 r--s 00009000 fd:02 2755129                    /home/chandra/.m2/repository/com/fasterxml/jackson/core/jackson-annotations/2.6.6/jackson-annotations-2.6.6.jar
7f141519a000-7f141519e000 r--s 0003c000 fd:02 2755127                    /home/chandra/.m2/repository/com/fasterxml/jackson/core/jackson-core/2.6.6/jackson-core-2.6.6.jar
7f141519e000-7f141519f000 r--s 00006000 fd:02 2755122                    /home/chandra/.m2/repository/org/fusesource/hawtbuf/hawtbuf-proto/1.11/hawtbuf-proto-1.11.jar
7f141519f000-7f14151a3000 r--s 00016000 fd:02 2755123                    /home/chandra/.m2/repository/org/apache/activemq/activeio-core/3.1.4/activeio-core-3.1.4.jar
7f14151a3000-7f14151ae000 r--s 00098000 fd:02 2755121                    /home/chandra/.m2/repository/org/apache/activemq/activemq-kahadb-store/5.14.5/activemq-kahadb-store-5.14.5.jar
7f14151ae000-7f14151b2000 r--s 0002c000 fd:02 2755110                    /home/chandra/.m2/repository/org/apache/activemq/activemq-console/5.14.5/activemq-console-5.14.5.jar
7f14151b2000-7f14151b3000 r--s 00003000 fd:02 2755119                    /home/chandra/.m2/repository/org/apache/activemq/activemq-log4j-appender/5.14.5/activemq-log4j-appender-5.14.5.jar
7f14151b3000-7f14151b5000 r--s 00005000 fd:02 2755116                    /home/chandra/.m2/repository/xpp3/xpp3_min/1.1.4c/xpp3_min-1.1.4c.jar
7f14151b5000-7f14151b6000 r--s 00001000 fd:02 2755113                    /home/chandra/.m2/repository/xmlpull/xmlpull/1.1.3.1/xmlpull-1.1.3.1.jar
7f14151b6000-7f14151c4000 r--s 00079000 fd:02 1576434                    /home/chandra/.m2/repository/com/thoughtworks/xstream/xstream/1.4.9/xstream-1.4.9.jar
7f14151c4000-7f14151cb000 r--s 00049000 fd:02 2755109                    /home/chandra/.m2/repository/org/apache/httpcomponents/httpcore/4.4.4/httpcore-4.4.4.jar
7f14151cb000-7f14151d8000 r--s 000a7000 fd:02 2755107                    /home/chandra/.m2/repository/org/apache/httpcomponents/httpclient/4.5.2/httpclient-4.5.2.jar
7f14151d8000-7f14151de000 r--s 00046000 fd:02 2755100                    /home/chandra/.m2/repository/commons-net/commons-net/3.6/commons-net-3.6.jar
7f14151de000-7f14151e2000 r--s 0001a000 fd:02 2755103                    /home/chandra/.m2/repository/org/fusesource/hawtdispatch/hawtdispatch/1.22/hawtdispatch-1.22.jar
7f14151e2000-7f14151e6000 r--s 0001c000 fd:02 2755101                    /home/chandra/.m2/repository/org/fusesource/hawtdispatch/hawtdispatch-transport/1.22/hawtdispatch-transport-1.22.jar
7f14151e6000-7f14151e9000 r--s 0001c000 fd:02 2755099                    /home/chandra/.m2/repository/org/fusesource/mqtt-client/mqtt-client/1.14/mqtt-client-1.14.jar
7f14151e9000-7f14151ec000 r--s 00022000 fd:02 2755097                    /home/chandra/.m2/repository/org/apache/activemq/protobuf/activemq-protobuf/1.1/activemq-protobuf-1.1.jar
7f14151ec000-7f14151ef000 r--s 00017000 fd:02 2623640                    /home/chandra/.m2/repository/org/apache/activemq/activemq-mqtt/5.14.5/activemq-mqtt-5.14.5.jar
7f14151ef000-7f14151f2000 r--s 00018000 fd:02 2623639                    /home/chandra/.m2/repository/org/apache/activemq/activemq-stomp/5.14.5/activemq-stomp-5.14.5.jar
7f14151f2000-7f14151f5000 r--s 00017000 fd:02 2623632                    /home/chandra/.m2/repository/org/apache/activemq/activemq-http/5.14.5/activemq-http-5.14.5.jar
7f14151f5000-7f14151f7000 r--s 00002000 fd:02 2623631                    /home/chandra/.m2/repository/org/apache/aries/proxy/org.apache.aries.proxy.api/1.0.0/org.apache.aries.proxy.api-1.0.0.jar
7f14151f7000-7f14151f8000 r--s 00002000 fd:02 2623626                    /home/chandra/.m2/repository/org/apache/aries/quiesce/org.apache.aries.quiesce.api/1.0.0/org.apache.aries.quiesce.api-1.0.0.jar
7f14151f8000-7f14151fb000 r--s 00018000 fd:02 2623624                    /home/chandra/.m2/repository/org/apache/aries/org.apache.aries.util/1.0.0/org.apache.aries.util-1.0.0.jar
7f14151fb000-7f14151fe000 r--s 00006000 fd:02 2623622                    /home/chandra/.m2/repository/org/apache/aries/blueprint/org.apache.aries.blueprint.api/1.0.0/org.apache.aries.blueprint.api-1.0.0.jar
7f14151fe000-7f1415207000 r--s 0005f000 fd:02 2623620                    /home/chandra/.m2/repository/org/apache/aries/blueprint/org.apache.aries.blueprint.core/1.4.4/org.apache.aries.blueprint.core-1.4.4.jar
7f1415207000-7f1415208000 r--s 00006000 fd:02 2623618                    /home/chandra/.m2/repository/org/apache/activemq/activemq-karaf/5.14.5/activemq-karaf-5.14.5.jar
7f1415208000-7f141520c000 r--s 00040000 fd:02 2885728                    /home/chandra/.m2/repository/xalan/serializer/2.7.2/serializer-2.7.2.jar
7f141520c000-7f141520f000 r--s 0001e000 fd:02 6423378                    /home/chandra/.m2/repository/org/opennms/opennms-util/23.0.0-SNAPSHOT/opennms-util-23.0.0-SNAPSHOT.jar
7f141520f000-7f1415211000 r--s 00013000 fd:02 6423265                    /home/chandra/.m2/repository/org/opennms/core/snmp/org.opennms.core.snmp.joesnmp/23.0.0-SNAPSHOT/org.opennms.core.snmp.joesnmp-23.0.0-SNAPSHOT.jar
7f1415211000-7f1415212000 r--s 00007000 fd:02 6423275                    /home/chandra/.m2/repository/org/opennms/core/snmp/org.opennms.core.snmp.implementations.joesnmp/23.0.0-SNAPSHOT/org.opennms.core.snmp.implementations.joesnmp-23.0.0-SNAPSHOT.jar
7f1415212000-7f1415219000 r--s 00057000 fd:02 6423480                    /home/chandra/.m2/repository/org/opennms/opennms-model/23.0.0-SNAPSHOT/opennms-model-23.0.0-SNAPSHOT.jar
7f1415219000-7f141521b000 r--s 00002000 fd:02 5117332                    /home/chandra/.m2/repository/com/googlecode/concurrent-locks/concurrent-locks/1.0.0/concurrent-locks-1.0.0.jar
7f141521b000-7f141521c000 r--s 00005000 fd:02 6423443                    /home/chandra/.m2/repository/org/opennms/features/poller/org.opennms.features.poller.api/23.0.0-SNAPSHOT/org.opennms.features.poller.api-23.0.0-SNAPSHOT.jar
7f141521c000-7f1415222000 r--s 0003c000 fd:02 3807485                    /home/chandra/.m2/repository/org/apache/commons/commons-jexl/2.1.1/commons-jexl-2.1.1.jar
7f1415222000-7f1415226000 r--s 00017000 fd:02 6423495                    /home/chandra/.m2/repository/org/opennms/features/collection/org.opennms.features.collection.api/23.0.0-SNAPSHOT/org.opennms.features.collection.api-23.0.0-SNAPSHOT.jar
7f1415226000-7f1415228000 r--s 00009000 fd:02 6423460                    /home/chandra/.m2/repository/org/opennms/opennms-rrd-api/23.0.0-SNAPSHOT/opennms-rrd-api-23.0.0-SNAPSHOT.jar
7f1415228000-7f141522f000 r--s 0009f000 fd:02 6032763                    /home/chandra/.m2/repository/org/postgresql/postgresql/9.4.1211/postgresql-9.4.1211.jar
7f141522f000-7f1415231000 r--s 00009000 fd:02 2885934                    /home/chandra/.m2/repository/com/atomikos/transactions-jdbc/3.9.2/transactions-jdbc-3.9.2.jar
7f1415231000-7f1415235000 r--s 0001b000 fd:02 2885932                    /home/chandra/.m2/repository/com/atomikos/atomikos-util/3.9.2/atomikos-util-3.9.2.jar
7f1415235000-7f1415238000 r--s 00006000 fd:02 2885929                    /home/chandra/.m2/repository/com/atomikos/transactions-api/3.9.2/transactions-api-3.9.2.jar
7f1415238000-7f141523c000 r--s 0002c000 fd:02 2885931                    /home/chandra/.m2/repository/com/atomikos/transactions/3.9.2/transactions-3.9.2.jar
7f141523c000-7f141523f000 r--s 0001b000 fd:02 2885926                    /home/chandra/.m2/repository/com/atomikos/transactions-jta/3.9.2/transactions-jta-3.9.2.jar
7f141523f000-7f1415242000 r--s 0001f000 fd:02 6032761                    /home/chandra/.m2/repository/com/zaxxer/HikariCP/2.5.1/HikariCP-2.5.1.jar
7f1415242000-7f1415252000 r--s 00085000 fd:02 6032759                    /home/chandra/.m2/repository/com/mchange/mchange-commons-java/0.2.11/mchange-commons-java-0.2.11.jar
7f1415252000-7f1415259000 r--s 00073000 fd:02 4984605                    /home/chandra/.m2/repository/com/mchange/c3p0/0.9.5.2/c3p0-0.9.5.2.jar
7f1415259000-7f141525a000 r--s 00007000 fd:02 7604149                    /home/chandra/.m2/repository/org/opennms/core/org.opennms.core.db/23.0.0-SNAPSHOT/org.opennms.core.db-23.0.0-SNAPSHOT.jar
7f141525a000-7f141525c000 r--s 00000000 fd:02 7604127                    /home/chandra/.m2/repository/org/opennms/core/org.opennms.core.config/23.0.0-SNAPSHOT/org.opennms.core.config-23.0.0-SNAPSHOT.jar
7f141525c000-7f1415260000 r--s 0001b000 fd:02 3542064                    /home/chandra/.m2/repository/org/jasypt/jasypt/1.9.0/jasypt-1.9.0.jar
7f1415260000-7f1415269000 r--s 0002d000 fd:02 2493003                    /home/chandra/.m2/repository/xml-apis/xml-apis/1.4.01/xml-apis-1.4.01.jar
7f1415269000-7f141526a000 r--s 00003000 fd:02 2492998                    /home/chandra/.m2/repository/javax/transaction/jta/1.1/jta-1.1.jar
7f141526a000-7f141526f000 r--s 00015000 fd:02 2492996                    /home/chandra/.m2/repository/org/hibernate/javax/persistence/hibernate-jpa-2.0-api/1.0.1.Final/hibernate-jpa-2.0-api-1.0.1.Final.jar
7f141526f000-7f1415272000 r--s 0000f000 fd:02 2492994                    /home/chandra/.m2/repository/org/hibernate/hibernate-commons-annotations/3.2.0.Final/hibernate-commons-annotations-3.2.0.Final.jar
7f1415272000-7f1415277000 r--s 00048000 fd:02 2492992                    /home/chandra/.m2/repository/dom4j/dom4j/1.6.1/dom4j-1.6.1.jar
7f1415277000-7f141527c000 r--s 00068000 fd:02 2492829                    /home/chandra/.m2/repository/antlr/antlr/2.7.7/antlr-2.7.7.jar
7f141527c000-7f14152ae000 r--s 002c9000 fd:02 2492990                    /home/chandra/.m2/repository/org/hibernate/hibernate-core/3.6.10.Final/hibernate-core-3.6.10.Final.jar
7f14152ae000-7f14152b3000 r--s 00047000 fd:02 6423609                    /home/chandra/.m2/repository/org/opennms/opennms-config/23.0.0-SNAPSHOT/opennms-config-23.0.0-SNAPSHOT.jar
7f14152b3000-7f14152b4000 r--s 00003000 fd:02 4854155                    /home/chandra/.m2/repository/org/opennms/lib/org.opennms.lib.tracker/0.7/org.opennms.lib.tracker-0.7.jar
7f14152b4000-7f14152b6000 r--s 00005000 fd:02 7604143                    /home/chandra/.m2/repository/org/opennms/opennms-icmp-api/23.0.0-SNAPSHOT/opennms-icmp-api-23.0.0-SNAPSHOT.jar
7f14152b6000-7f14152ba000 r--s 0002f000 fd:02 134852                     /home/chandra/.m2/repository/commons-io/commons-io/2.5/commons-io-2.5.jar
7f14152ba000-7f14152bb000 r--s 00000000 fd:02 3542046                    /home/chandra/.m2/repository/javax/inject/javax.inject/1/javax.inject-1.jar
7f14152bb000-7f14152bc000 r--s 00002000 fd:02 6423358                    /home/chandra/.m2/repository/org/opennms/core/org.opennms.core.spring/23.0.0-SNAPSHOT/org.opennms.core.spring-23.0.0-SNAPSHOT.jar
7f14152bc000-7f14152be000 r--s 0000a000 fd:02 6423368                    /home/chandra/.m2/repository/org/opennms/core/org.opennms.core.xml/23.0.0-SNAPSHOT/org.opennms.core.xml-23.0.0-SNAPSHOT.jar
7f14152be000-7f14152c0000 r--s 00003000 fd:02 7604121                    /home/chandra/.m2/repository/org/opennms/core/org.opennms.core.camel/23.0.0-SNAPSHOT/org.opennms.core.camel-23.0.0-SNAPSHOT.jar
7f14152c0000-7f14152c2000 r--s 0000f000 fd:02 3017795                    /home/chandra/.m2/repository/javax/activation/activation/1.1.1/activation-1.1.1.jar
7f14152c2000-7f14152ca000 r--s 00075000 fd:02 3017792                    /home/chandra/.m2/repository/javax/mail/mail/1.4.5/mail-1.4.5.jar
7f14152ca000-7f14152cf000 r--s 0002a000 fd:02 3017790                    /home/chandra/.m2/repository/org/eclipse/persistence/org.eclipse.persistence.antlr/2.5.1/org.eclipse.persistence.antlr-2.5.1.jar
7f14152cf000-7f14152d6000 r--s 0003c000 fd:02 3017788                    /home/chandra/.m2/repository/org/eclipse/persistence/org.eclipse.persistence.asm/2.5.1/org.eclipse.persistence.asm-2.5.1.jar
7f14152d6000-7f1415314000 r--s 00492000 fd:02 1970837                    /home/chandra/.m2/repository/org/eclipse/persistence/org.eclipse.persistence.core/2.5.1/org.eclipse.persistence.core-2.5.1.jar
7f1415314000-7f141531b000 r--s 00076000 fd:02 1576447                    /home/chandra/.m2/repository/org/eclipse/persistence/org.eclipse.persistence.moxy/2.5.1/org.eclipse.persistence.moxy-2.5.1.jar
7f141531b000-7f141531d000 r--s 00003000 fd:02 25430995                   /home/chandra/.m2/repository/org/slf4j/jcl-over-slf4j/1.7.21/jcl-over-slf4j-1.7.21.jar
7f141531d000-7f141531f000 r--s 0000b000 fd:02 3148746                    /home/chandra/.m2/repository/org/apache/camel/camel-core-osgi/2.19.1/camel-core-osgi-2.19.1.jar
7f141531f000-7f1415321000 r--s 00012000 fd:02 3148745                    /home/chandra/.m2/repository/org/apache/camel/camel-core-xml/2.19.1/camel-core-xml-2.19.1.jar
7f1415321000-7f1415325000 r--s 0003a000 fd:02 3148742                    /home/chandra/.m2/repository/org/apache/camel/camel-blueprint/2.19.1/camel-blueprint-2.19.1.jar
7f1415325000-7f1415328000 r--s 00019000 fd:02 3148740                    /home/chandra/.m2/repository/commons-pool/commons-pool/1.6/commons-pool-1.6.jar
7f1415328000-7f1415365000 r--s 0031d000 fd:02 3148738                    /home/chandra/.m2/repository/io/netty/netty-all/4.1.9.Final/netty-all-4.1.9.Final.jar
7f1415365000-7f1415369000 r--s 0001e000 fd:02 3148737                    /home/chandra/.m2/repository/org/apache/camel/camel-netty4/2.19.1/camel-netty4-2.19.1.jar
7f1415369000-7f1415370000 r--s 0003f000 fd:02 2755111                    /home/chandra/.m2/repository/commons-codec/commons-codec/1.10/commons-codec-1.10.jar
7f1415370000-7f1415376000 r--s 00045000 fd:02 3148734                    /home/chandra/.m2/repository/commons-httpclient/commons-httpclient/3.1/commons-httpclient-3.1.jar
7f1415376000-7f1415379000 r--s 00015000 fd:02 2885774                    /home/chandra/.m2/repository/javax/servlet/javax.servlet-api/3.1.0/javax.servlet-api-3.1.0.jar
7f1415379000-7f141537b000 r--s 0000f000 fd:02 3148732                    /home/chandra/.m2/repository/org/apache/camel/camel-http-common/2.19.1/camel-http-common-2.19.1.jar
7f141537b000-7f141537d000 r--s 0000d000 fd:02 3148730                    /home/chandra/.m2/repository/org/apache/camel/camel-http/2.19.1/camel-http-2.19.1.jar
7f141537d000-7f1415383000 r--s 00038000 fd:02 3017866                    /home/chandra/.m2/repository/com/sun/xml/bind/jaxb-core/2.2.11/jaxb-core-2.2.11.jar
7f1415383000-7f14153de000 r--s 0042e000 fd:02 3017867                    /home/chandra/.m2/repository/org/apache/camel/camel-core/2.19.1/camel-core-2.19.1.jar
7f14153de000-7f1415409000 r--s 001fc000 fd:02 3542196                    /home/chandra/.m2/repository/com/google/guava/guava/18.0/guava-18.0.jar
7f1415409000-7f141540c000 r--s 0002a000 fd:02 3674368                    /home/chandra/.m2/repository/com/googlecode/owasp-java-html-sanitizer/owasp-java-html-sanitizer/20170515.1/owasp-java-html-sanitizer-20170515.1.jar
7f141540c000-7f141540d000 r--s 00008000 fd:02 3674366                    /home/chandra/.m2/repository/org/owasp/encoder/encoder/1.2.1/encoder-1.2.1.jar
7f141540d000-7f141540e000 r--s 00004000 fd:02 6423325                    /home/chandra/.m2/repository/org/opennms/core/org.opennms.core.api/23.0.0-SNAPSHOT/org.opennms.core.api-23.0.0-SNAPSHOT.jar
7f141540e000-7f1415411000 r--s 0001c000 fd:02 6423348                    /home/chandra/.m2/repository/org/opennms/core/org.opennms.core.lib/23.0.0-SNAPSHOT/org.opennms.core.lib-23.0.0-SNAPSHOT.jar
7f1415411000-7f1415413000 r--s 00004000 fd:02 25691405                   /home/chandra/.m2/repository/org/slf4j/log4j-over-slf4j/1.7.21/log4j-over-slf4j-1.7.21.jar
7f1415413000-7f141541a000 r--s 0006f000 fd:02 3674296                    /home/chandra/.m2/repository/org/snmp4j/snmp4j/2.5.5/snmp4j-2.5.5.jar
7f141541a000-7f141541f000 r--s 00041000 fd:02 2361356                    /home/chandra/.m2/repository/commons-lang/commons-lang/2.6/commons-lang-2.6.jar
7f141541f000-7f1415420000 r--s 00001000 fd:02 6423285                    /home/chandra/.m2/repository/org/opennms/core/org.opennms.core.logging/23.0.0-SNAPSHOT/org.opennms.core.logging-23.0.0-SNAPSHOT.jar
7f1415420000-7f1415429000 r--s 00174000 fd:02 6423307                    /home/chandra/.m2/repository/org/opennms/core/snmp/org.opennms.core.snmp.implementations.snmp4j/23.0.0-SNAPSHOT/org.opennms.core.snmp.implementations.snmp4j-23.0.0-SNAPSHOT.jar
7f1415429000-7f141542b000 r--s 0000e000 fd:02 3542192                    /home/chandra/.m2/repository/org/json/json/20171018/json-20171018.jar
7f141542b000-7f141542f000 r--s 00018000 fd:02 6423254                    /home/chandra/.m2/repository/org/opennms/core/snmp/org.opennms.core.snmp.api/23.0.0-SNAPSHOT/org.opennms.core.snmp.api-23.0.0-SNAPSHOT.jar
7f141542f000-7f1415431000 r--s 00009000 fd:02 3807540                    /home/chandra/.m2/repository/org/objenesis/objenesis/2.1/objenesis-2.1.jar
7f1415431000-7f1415437000 r--s 0004a000 fd:02 6032783                    /home/chandra/.m2/repository/cglib/cglib-nodep/2.2.2/cglib-nodep-2.2.2.jar
7f1415437000-7f141543b000 r--s 00013000 fd:02 6291645                    /home/chandra/.m2/repository/com/jayway/awaitility/awaitility/1.7.0/awaitility-1.7.0.jar
7f141543b000-7f141543d000 r--s 00009000 fd:02 25303227                   /home/chandra/.m2/repository/org/hamcrest/hamcrest-core/1.3/hamcrest-core-1.3.jar
7f141543d000-7f1415445000 r--s 00045000 fd:02 2361947                    /home/chandra/.m2/repository/junit/junit/4.12/junit-4.12.jar
7f1415445000-7f141545f000 r--s 00214000 fd:02 2361501                    /home/chandra/.m2/repository/net/java/dev/jna/jna-platform/4.4.0/jna-platform-4.4.0.jar
7f141545f000-7f14154f5000 r--s 007c2000 fd:00 270245                     /usr/java/jdk1.8.0_152/jre/lib/ext/jfxrt.jar
7f14154f5000-7f14154f6000 ---p 00000000 00:00 0 
7f14154f6000-7f14155f6000 rw-p 00000000 00:00 0 
7f14155f6000-7f14155f9000 ---p 00000000 00:00 0 
7f14155f9000-7f14156f7000 rw-p 00000000 00:00 0 
7f14156f7000-7f14156f8000 ---p 00000000 00:00 0 
7f14156f8000-7f14156fb000 ---p 00000000 00:00 0 
7f14156fb000-7f14157f8000 rw-p 00000000 00:00 0 
7f14157f8000-7f14157f9000 ---p 00000000 00:00 0 
7f14157f9000-7f14157fc000 ---p 00000000 00:00 0 
7f14157fc000-7f14158f9000 rw-p 00000000 00:00 0 
7f14158f9000-7f14158fa000 ---p 00000000 00:00 0 
7f14158fa000-7f14158fd000 ---p 00000000 00:00 0 
7f14158fd000-7f14159fa000 rw-p 00000000 00:00 0 
7f14159fa000-7f14159fd000 ---p 00000000 00:00 0 
7f14159fd000-7f1415afb000 rw-p 00000000 00:00 0 
7f1415afb000-7f1415afe000 ---p 00000000 00:00 0 
7f1415afe000-7f1415bfc000 rw-p 00000000 00:00 0 
7f1415bfc000-7f1415bff000 ---p 00000000 00:00 0 
7f1415bff000-7f1415cfd000 rw-p 00000000 00:00 0 
7f1415cfd000-7f1415cfe000 ---p 00000000 00:00 0 
7f1415cfe000-7f1416d91000 rw-p 00000000 00:00 0 
7f1416d91000-7f1416f6b000 r--s 03d17000 fd:00 270132                     /usr/java/jdk1.8.0_152/jre/lib/rt.jar
7f1416f6b000-7f1417f21000 rw-p 00000000 00:00 0 
7f1417f21000-7f1417f22000 ---p 00000000 00:00 0 
7f1417f22000-7f1418022000 rw-p 00000000 00:00 0 
7f1418022000-7f1418023000 ---p 00000000 00:00 0 
7f1418023000-7f1418123000 rw-p 00000000 00:00 0 
7f1418123000-7f1418124000 ---p 00000000 00:00 0 
7f1418124000-7f1418224000 rw-p 00000000 00:00 0 
7f1418224000-7f1418225000 ---p 00000000 00:00 0 
7f1418225000-7f1418378000 rw-p 00000000 00:00 0 
7f1418378000-7f1418849000 ---p 00000000 00:00 0 
7f1418849000-7f141889c000 rw-p 00000000 00:00 0 
7f141889c000-7f1418d6d000 ---p 00000000 00:00 0 
7f1418d6d000-7f1418db6000 rw-p 00000000 00:00 0 
7f1418db6000-7f1418fff000 ---p 00000000 00:00 0 
7f1418fff000-7f1419000000 rw-p 00000000 00:00 0 
7f1419000000-7f14195d0000 rwxp 00000000 00:00 0 
7f14195d0000-7f1428000000 ---p 00000000 00:00 0 
7f1428000000-7f1428e14000 rw-p 00000000 00:00 0 
7f1428e14000-7f142c000000 ---p 00000000 00:00 0 
7f142c000000-7f142c002000 r--s 00009000 fd:02 2493001                    /home/chandra/.m2/repository/org/slf4j/slf4j-api/1.7.21/slf4j-api-1.7.21.jar
7f142c002000-7f142c100000 rw-p 00000000 00:00 0 
7f142c100000-7f142c4a8000 ---p 00000000 00:00 0 
7f142c4a8000-7f142c4c3000 r-xp 00000000 fd:00 270114                     /usr/java/jdk1.8.0_152/jre/lib/amd64/libzip.so
7f142c4c3000-7f142c6c3000 ---p 0001b000 fd:00 270114                     /usr/java/jdk1.8.0_152/jre/lib/amd64/libzip.so
7f142c6c3000-7f142c6c4000 rw-p 0001b000 fd:00 270114                     /usr/java/jdk1.8.0_152/jre/lib/amd64/libzip.so
7f142c6c4000-7f142cec9000 r--s 00000000 fd:00 1446405                    /var/lib/sss/mc/passwd
7f142cec9000-7f142ced1000 r-xp 00000000 fd:00 3146906                    /usr/lib64/libnss_sss.so.2
7f142ced1000-7f142d0d0000 ---p 00008000 fd:00 3146906                    /usr/lib64/libnss_sss.so.2
7f142d0d0000-7f142d0d1000 r--p 00007000 fd:00 3146906                    /usr/lib64/libnss_sss.so.2
7f142d0d1000-7f142d0d2000 rw-p 00008000 fd:00 3146906                    /usr/lib64/libnss_sss.so.2
7f142d0d2000-7f142d0fd000 r-xp 00000000 fd:00 270078                     /usr/java/jdk1.8.0_152/jre/lib/amd64/libjava.so
7f142d0fd000-7f142d2fc000 ---p 0002b000 fd:00 270078                     /usr/java/jdk1.8.0_152/jre/lib/amd64/libjava.so
7f142d2fc000-7f142d2fe000 rw-p 0002a000 fd:00 270078                     /usr/java/jdk1.8.0_152/jre/lib/amd64/libjava.so
7f142d2fe000-7f142d30b000 r-xp 00000000 fd:00 270113                     /usr/java/jdk1.8.0_152/jre/lib/amd64/libverify.so
7f142d30b000-7f142d50b000 ---p 0000d000 fd:00 270113                     /usr/java/jdk1.8.0_152/jre/lib/amd64/libverify.so
7f142d50b000-7f142d50d000 rw-p 0000d000 fd:00 270113                     /usr/java/jdk1.8.0_152/jre/lib/amd64/libverify.so
7f142d50d000-7f142d514000 r-xp 00000000 fd:00 3153081                    /usr/lib64/librt-2.27.so
7f142d514000-7f142d713000 ---p 00007000 fd:00 3153081                    /usr/lib64/librt-2.27.so
7f142d713000-7f142d714000 r--p 00006000 fd:00 3153081                    /usr/lib64/librt-2.27.so
7f142d714000-7f142d715000 rw-p 00007000 fd:00 3153081                    /usr/lib64/librt-2.27.so
7f142d715000-7f142d8a7000 r-xp 00000000 fd:00 3153060                    /usr/lib64/libm-2.27.so
7f142d8a7000-7f142daa7000 ---p 00192000 fd:00 3153060                    /usr/lib64/libm-2.27.so
7f142daa7000-7f142daa8000 r--p 00192000 fd:00 3153060                    /usr/lib64/libm-2.27.so
7f142daa8000-7f142daa9000 rw-p 00193000 fd:00 3153060                    /usr/lib64/libm-2.27.so
7f142daa9000-7f142e781000 r-xp 00000000 fd:00 270118                     /usr/java/jdk1.8.0_152/jre/lib/amd64/server/libjvm.so
7f142e781000-7f142e980000 ---p 00cd8000 fd:00 270118                     /usr/java/jdk1.8.0_152/jre/lib/amd64/server/libjvm.so
7f142e980000-7f142ea5a000 rw-p 00cd7000 fd:00 270118                     /usr/java/jdk1.8.0_152/jre/lib/amd64/server/libjvm.so
7f142ea5a000-7f142eaa5000 rw-p 00000000 00:00 0 
7f142eaa5000-7f142ec5a000 r-xp 00000000 fd:00 3153056                    /usr/lib64/libc-2.27.so
7f142ec5a000-7f142ee5a000 ---p 001b5000 fd:00 3153056                    /usr/lib64/libc-2.27.so
7f142ee5a000-7f142ee5e000 r--p 001b5000 fd:00 3153056                    /usr/lib64/libc-2.27.so
7f142ee5e000-7f142ee60000 rw-p 001b9000 fd:00 3153056                    /usr/lib64/libc-2.27.so
7f142ee60000-7f142ee64000 rw-p 00000000 00:00 0 
7f142ee64000-7f142ee67000 r-xp 00000000 fd:00 3153058                    /usr/lib64/libdl-2.27.so
7f142ee67000-7f142f066000 ---p 00003000 fd:00 3153058                    /usr/lib64/libdl-2.27.so
7f142f066000-7f142f067000 r--p 00002000 fd:00 3153058                    /usr/lib64/libdl-2.27.so
7f142f067000-7f142f068000 rw-p 00003000 fd:00 3153058                    /usr/lib64/libdl-2.27.so
7f142f068000-7f142f07e000 r-xp 00000000 fd:00 270390                     /usr/java/jdk1.8.0_152/lib/amd64/jli/libjli.so
7f142f07e000-7f142f27d000 ---p 00016000 fd:00 270390                     /usr/java/jdk1.8.0_152/lib/amd64/jli/libjli.so
7f142f27d000-7f142f27e000 rw-p 00015000 fd:00 270390                     /usr/java/jdk1.8.0_152/lib/amd64/jli/libjli.so
7f142f27e000-7f142f297000 r-xp 00000000 fd:00 3153070                    /usr/lib64/libpthread-2.27.so
7f142f297000-7f142f497000 ---p 00019000 fd:00 3153070                    /usr/lib64/libpthread-2.27.so
7f142f497000-7f142f498000 r--p 00019000 fd:00 3153070                    /usr/lib64/libpthread-2.27.so
7f142f498000-7f142f499000 rw-p 0001a000 fd:00 3153070                    /usr/lib64/libpthread-2.27.so
7f142f499000-7f142f49d000 rw-p 00000000 00:00 0 
7f142f49d000-7f142f4c2000 r-xp 00000000 fd:00 3153049                    /usr/lib64/ld-2.27.so
7f142f4c2000-7f142f4c4000 r--s 00009000 fd:02 25691382                   /home/chandra/.m2/repository/commons-cli/commons-cli/1.2/commons-cli-1.2.jar
7f142f4c4000-7f142f4c8000 r--s 00107000 fd:02 2361500                    /home/chandra/.m2/repository/net/java/dev/jna/jna/4.4.0/jna-4.4.0.jar
7f142f4c8000-7f142f4ca000 r--s 00011000 fd:02 3019860                    /home/chandra/.m2/repository/net/openhft/affinity/3.1.7/affinity-3.1.7.jar
7f142f4ca000-7f142f4d0000 r--s 00066000 fd:02 3019856                    /home/chandra/.m2/repository/net/openhft/chronicle-wire/1.16.15/chronicle-wire-1.16.15.jar
7f142f4d0000-7f142f5a1000 rw-p 00000000 00:00 0 
7f142f5a1000-7f142f5a2000 ---p 00000000 00:00 0 
7f142f5a2000-7f142f5a5000 ---p 00000000 00:00 0 
7f142f5a5000-7f142f6a6000 rw-p 00000000 00:00 0 
7f142f6a6000-7f142f6a7000 r--s 0000c000 fd:02 25303243                   /home/chandra/.m2/repository/org/hamcrest/hamcrest-library/1.3/hamcrest-library-1.3.jar
7f142f6a7000-7f142f6a9000 r--s 0000b000 fd:02 3019867                    /home/chandra/.m2/repository/net/openhft/chronicle-threads/1.16.3/chronicle-threads-1.16.3.jar
7f142f6a9000-7f142f6ae000 r--s 00044000 fd:02 3019865                    /home/chandra/.m2/repository/net/openhft/chronicle-bytes/1.16.21/chronicle-bytes-1.16.21.jar
7f142f6ae000-7f142f6af000 r--s 00004000 fd:02 7479864                    /home/chandra/.m2/repository/com/intellij/annotations/12.0/annotations-12.0.jar
7f142f6af000-7f142f6b4000 r--s 00031000 fd:02 3019850                    /home/chandra/.m2/repository/net/openhft/chronicle-core/1.16.16/chronicle-core-1.16.16.jar
7f142f6b4000-7f142f6b8000 r--s 00039000 fd:02 2760019                    /home/chandra/.m2/repository/net/openhft/chronicle-queue/5.16.11/chronicle-queue-5.16.11.jar
7f142f6b8000-7f142f6c0000 rw-s 00000000 00:2d 5800137                    /tmp/hsperfdata_chandra/10753
7f142f6c0000-7f142f6c1000 rw-p 00000000 00:00 0 
7f142f6c1000-7f142f6c2000 ---p 00000000 00:00 0 
7f142f6c2000-7f142f6c3000 r--p 00025000 fd:00 3153049                    /usr/lib64/ld-2.27.so
7f142f6c3000-7f142f6c4000 rw-p 00026000 fd:00 3153049                    /usr/lib64/ld-2.27.so
7f142f6c4000-7f142f6c5000 rw-p 00000000 00:00 0 
7ffc6e450000-7ffc6e476000 rw-p 00000000 00:00 0                          [stack]
7ffc6e48d000-7ffc6e490000 r--p 00000000 00:00 0                          [vvar]
7ffc6e490000-7ffc6e492000 r-xp 00000000 00:00 0                          [vdso]
ffffffffff600000-ffffffffff601000 r-xp 00000000 00:00 0                  [vsyscall]

VM Arguments:
jvm_args: -ea -Dfile.encoding=UTF-8 
java_command: org.eclipse.jdt.internal.junit.runner.RemoteTestRunner -version 3 -port 35615 -testLoaderClass org.eclipse.jdt.internal.junit4.runner.JUnit4TestLoader -loaderpluginname org.eclipse.jdt.junit4.runtime -classNames org.opennms.core.ipc.sink.chronicle.queue.ChronicleQueueAdapterTest
java_class_path (initial): /home/chandra/dev/opennms/core/ipc/sink/chronicle-queue/target/test-classes:/home/chandra/dev/opennms/core/ipc/sink/chronicle-queue/target/classes:/home/chandra/.m2/repository/net/openhft/chronicle-queue/5.16.11/chronicle-queue-5.16.11.jar:/home/chandra/.m2/repository/net/openhft/chronicle-core/1.16.16/chronicle-core-1.16.16.jar:/home/chandra/.m2/repository/com/intellij/annotations/12.0/annotations-12.0.jar:/home/chandra/.m2/repository/net/openhft/chronicle-bytes/1.16.21/chronicle-bytes-1.16.21.jar:/home/chandra/.m2/repository/net/openhft/chronicle-wire/1.16.15/chronicle-wire-1.16.15.jar:/home/chandra/.m2/repository/net/openhft/chronicle-threads/1.16.3/chronicle-threads-1.16.3.jar:/home/chandra/.m2/repository/net/openhft/affinity/3.1.7/affinity-3.1.7.jar:/home/chandra/.m2/repository/net/java/dev/jna/jna/4.4.0/jna-4.4.0.jar:/home/chandra/.m2/repository/net/java/dev/jna/jna-platform/4.4.0/jna-platform-4.4.0.jar:/home/chandra/.m2/repository/commons-cli/commons-cli/1.2/commons-cli-1.2.jar:/home/chandra/.m2/repository/org/slf4j/slf4j-api/1.7.21/slf4j-api-1.7.21.jar:/home/chandra/.m2/repository/junit/junit/4.12/junit-4.12.jar:/home/chandra/.m2/repository/org/hamcrest/hamcrest-core/1.3/hamcrest-core-1.3.jar:/home/chandra/.m2/repository/com/jayway/awaitility/awaitility/1.7.0/awaitility-1.7.0.jar:/home/chandra/.m2/repository/org/hamcrest/hamcrest-library/1.3/hamcrest-library-1.3.jar:/home/chandra/.m2/repository/cglib/cglib-nodep/2.2.2/cglib-nodep-2.2.2.jar:/home/chandra/.m2/repository/org/objenesis/objenesis/2.1/objenesis-2.1.jar:/home/chandra/.m2/repository/org/opennms/core/snmp/org.opennms.core.snmp.api/23.0.0-SNAPSHOT/org.opennms.core.snmp.api-23.0.0-SNAPSHOT.jar:/home/chandra/.m2/repository/org/json/json/20171018/json-20171018.jar:/home/chandra/.m2/repository/org/opennms/core/snmp/org.opennms.core.snmp.implementations.snmp4j/23.0.0-SNAPSHOT/org.opennms.core.snmp.implementations.snmp4j-23.0.0-SNAPSHOT.jar:/home/chandra/.m2/repository/org/openn
Launcher Type: SUN_STANDARD

Environment Variables:
PATH=/usr/share/Modules/bin:/usr/local/bin:/usr/local/sbin:/usr/bin:/usr/sbin:/home/chandra/.local/bin:/home/chandra/bin
USERNAME=chandra
SHELL=/bin/bash
DISPLAY=:0

Signal Handlers:
SIGSEGV: [libjvm.so+0xacfec0], sa_mask[0]=11111111011111111101111111111110, sa_flags=SA_RESTART|SA_SIGINFO
SIGBUS: [libjvm.so+0xacfec0], sa_mask[0]=11111111011111111101111111111110, sa_flags=SA_RESTART|SA_SIGINFO
SIGFPE: [libjvm.so+0x927e60], sa_mask[0]=11111111011111111101111111111110, sa_flags=SA_RESTART|SA_SIGINFO
SIGPIPE: [libjvm.so+0x927e60], sa_mask[0]=11111111011111111101111111111110, sa_flags=SA_RESTART|SA_SIGINFO
SIGXFSZ: [libjvm.so+0x927e60], sa_mask[0]=11111111011111111101111111111110, sa_flags=SA_RESTART|SA_SIGINFO
SIGILL: [libjvm.so+0x927e60], sa_mask[0]=11111111011111111101111111111110, sa_flags=SA_RESTART|SA_SIGINFO
SIGUSR1: SIG_DFL, sa_mask[0]=00000000000000000000000000000000, sa_flags=none
SIGUSR2: [libjvm.so+0x9296a0], sa_mask[0]=00100000000000000000000000000000, sa_flags=SA_RESTART|SA_SIGINFO
SIGHUP: [libjvm.so+0x92aaa0], sa_mask[0]=11111111011111111101111111111110, sa_flags=SA_RESTART|SA_SIGINFO
SIGINT: [libjvm.so+0x92aaa0], sa_mask[0]=11111111011111111101111111111110, sa_flags=SA_RESTART|SA_SIGINFO
SIGTERM: [libjvm.so+0x92aaa0], sa_mask[0]=11111111011111111101111111111110, sa_flags=SA_RESTART|SA_SIGINFO
SIGQUIT: [libjvm.so+0x92aaa0], sa_mask[0]=11111111011111111101111111111110, sa_flags=SA_RESTART|SA_SIGINFO


---------------  S Y S T E M  ---------------

OS:Fedora release 28 (Twenty Eight)

uname:Linux 4.16.13-300.fc28.x86_64 #1 SMP Wed May 30 14:31:00 UTC 2018 x86_64
libc:glibc 2.27 NPTL 2.27 
rlimit: STACK 8192k, CORE infinity, NPROC 62804, NOFILE 4096, AS infinity
load average:1.14 1.09 1.28

/proc/meminfo:
MemTotal:       16165712 kB
MemFree:          417564 kB
MemAvailable:    7249332 kB
Buffers:          478052 kB
Cached:          7715480 kB
SwapCached:       100068 kB
Active:          9494708 kB
Inactive:        5385324 kB
Active(anon):    6047532 kB
Inactive(anon):  2062596 kB
Active(file):    3447176 kB
Inactive(file):  3322728 kB
Unevictable:         900 kB
Mlocked:             900 kB
SwapTotal:       8155132 kB
SwapFree:        6766212 kB
Dirty:              1504 kB
Writeback:             0 kB
AnonPages:       6677952 kB
Mapped:           752216 kB
Shmem:           1456996 kB
Slab:             595792 kB
SReclaimable:     406320 kB
SUnreclaim:       189472 kB
KernelStack:       24528 kB
PageTables:       110856 kB
NFS_Unstable:          0 kB
Bounce:                0 kB
WritebackTmp:          0 kB
CommitLimit:    16237988 kB
Committed_AS:   18858680 kB
VmallocTotal:   34359738367 kB
VmallocUsed:           0 kB
VmallocChunk:          0 kB
HardwareCorrupted:     0 kB
AnonHugePages:         0 kB
ShmemHugePages:        0 kB
ShmemPmdMapped:        0 kB
CmaTotal:              0 kB
CmaFree:               0 kB
HugePages_Total:       0
HugePages_Free:        0
HugePages_Rsvd:        0
HugePages_Surp:        0
Hugepagesize:       2048 kB
Hugetlb:               0 kB
DirectMap4k:     3044896 kB
DirectMap2M:    13471744 kB
DirectMap1G:           0 kB


CPU:total 4 (initial active 4) (2 cores per cpu, 2 threads per core) family 6 model 142 stepping 9, cmov, cx8, fxsr, mmx, sse, sse2, sse3, ssse3, sse4.1, sse4.2, popcnt, avx, avx2, aes, clmul, erms, rtm, 3dnowpref, lzcnt, ht, tsc, tscinvbit, bmi1, bmi2, adx

/proc/cpuinfo:
processor	: 0
vendor_id	: GenuineIntel
cpu family	: 6
model		: 142
model name	: Intel(R) Core(TM) i7-7600U CPU @ 2.80GHz
stepping	: 9
microcode	: 0x84
cpu MHz		: 3480.183
cache size	: 4096 KB
physical id	: 0
siblings	: 4
core id		: 0
cpu cores	: 2
apicid		: 0
initial apicid	: 0
fpu		: yes
fpu_exception	: yes
cpuid level	: 22
wp		: yes
flags		: fpu vme de pse tsc msr pae mce cx8 apic sep mtrr pge mca cmov pat pse36 clflush dts acpi mmx fxsr sse sse2 ss ht tm pbe syscall nx pdpe1gb rdtscp lm constant_tsc art arch_perfmon pebs bts rep_good nopl xtopology nonstop_tsc cpuid aperfmperf tsc_known_freq pni pclmulqdq dtes64 monitor ds_cpl vmx smx est tm2 ssse3 sdbg fma cx16 xtpr pdcm pcid sse4_1 sse4_2 x2apic movbe popcnt tsc_deadline_timer aes xsave avx f16c rdrand lahf_lm abm 3dnowprefetch cpuid_fault epb invpcid_single pti ibrs ibpb stibp tpr_shadow vnmi flexpriority ept vpid fsgsbase tsc_adjust bmi1 hle avx2 smep bmi2 erms invpcid rtm mpx rdseed adx smap clflushopt intel_pt xsaveopt xsavec xgetbv1 xsaves dtherm ida arat pln pts hwp hwp_notify hwp_act_window hwp_epp
bugs		: cpu_meltdown spectre_v1 spectre_v2 spec_store_bypass
bogomips	: 5808.00
clflush size	: 64
cache_alignment	: 64
address sizes	: 39 bits physical, 48 bits virtual
power management:

processor	: 1
vendor_id	: GenuineIntel
cpu family	: 6
model		: 142
model name	: Intel(R) Core(TM) i7-7600U CPU @ 2.80GHz
stepping	: 9
microcode	: 0x84
cpu MHz		: 3491.259
cache size	: 4096 KB
physical id	: 0
siblings	: 4
core id		: 1
cpu cores	: 2
apicid		: 2
initial apicid	: 2
fpu		: yes
fpu_exception	: yes
cpuid level	: 22
wp		: yes
flags		: fpu vme de pse tsc msr pae mce cx8 apic sep mtrr pge mca cmov pat pse36 clflush dts acpi mmx fxsr sse sse2 ss ht tm pbe syscall nx pdpe1gb rdtscp lm constant_tsc art arch_perfmon pebs bts rep_good nopl xtopology nonstop_tsc cpuid aperfmperf tsc_known_freq pni pclmulqdq dtes64 monitor ds_cpl vmx smx est tm2 ssse3 sdbg fma cx16 xtpr pdcm pcid sse4_1 sse4_2 x2apic movbe popcnt tsc_deadline_timer aes xsave avx f16c rdrand lahf_lm abm 3dnowprefetch cpuid_fault epb invpcid_single pti ibrs ibpb stibp tpr_shadow vnmi flexpriority ept vpid fsgsbase tsc_adjust bmi1 hle avx2 smep bmi2 erms invpcid rtm mpx rdseed adx smap clflushopt intel_pt xsaveopt xsavec xgetbv1 xsaves dtherm ida arat pln pts hwp hwp_notify hwp_act_window hwp_epp
bugs		: cpu_meltdown spectre_v1 spectre_v2 spec_store_bypass
bogomips	: 5808.00
clflush size	: 64
cache_alignment	: 64
address sizes	: 39 bits physical, 48 bits virtual
power management:

processor	: 2
vendor_id	: GenuineIntel
cpu family	: 6
model		: 142
model name	: Intel(R) Core(TM) i7-7600U CPU @ 2.80GHz
stepping	: 9
microcode	: 0x84
cpu MHz		: 3506.160
cache size	: 4096 KB
physical id	: 0
siblings	: 4
core id		: 0
cpu cores	: 2
apicid		: 1
initial apicid	: 1
fpu		: yes
fpu_exception	: yes
cpuid level	: 22
wp		: yes
flags		: fpu vme de pse tsc msr pae mce cx8 apic sep mtrr pge mca cmov pat pse36 clflush dts acpi mmx fxsr sse sse2 ss ht tm pbe syscall nx pdpe1gb rdtscp lm constant_tsc art arch_perfmon pebs bts rep_good nopl xtopology nonstop_tsc cpuid aperfmperf tsc_known_freq pni pclmulqdq dtes64 monitor ds_cpl vmx smx est tm2 ssse3 sdbg fma cx16 xtpr pdcm pcid sse4_1 sse4_2 x2apic movbe popcnt tsc_deadline_timer aes xsave avx f16c rdrand lahf_lm abm 3dnowprefetch cpuid_fault epb invpcid_single pti ibrs ibpb stibp tpr_shadow vnmi flexpriority ept vpid fsgsbase tsc_adjust bmi1 hle avx2 smep bmi2 erms invpcid rtm mpx rdseed adx smap clflushopt intel_pt xsaveopt xsavec xgetbv1 xsaves dtherm ida arat pln pts hwp hwp_notify hwp_act_window hwp_epp
bugs		: cpu_meltdown spectre_v1 spectre_v2 spec_store_bypass
bogomips	: 5808.00
clflush size	: 64
cache_alignment	: 64
address sizes	: 39 bits physical, 48 bits virtual
power management:

processor	: 3
vendor_id	: GenuineIntel
cpu family	: 6
model		: 142
model name	: Intel(R) Core(TM) i7-7600U CPU @ 2.80GHz
stepping	: 9
microcode	: 0x84
cpu MHz		: 3743.491
cache size	: 4096 KB
physical id	: 0
siblings	: 4
core id		: 1
cpu cores	: 2
apicid		: 3
initial apicid	: 3
fpu		: yes
fpu_exception	: yes
cpuid level	: 22
wp		: yes
flags		: fpu vme de pse tsc msr pae mce cx8 apic sep mtrr pge mca cmov pat pse36 clflush dts acpi mmx fxsr sse sse2 ss ht tm pbe syscall nx pdpe1gb rdtscp lm constant_tsc art arch_perfmon pebs bts rep_good nopl xtopology nonstop_tsc cpuid aperfmperf tsc_known_freq pni pclmulqdq dtes64 monitor ds_cpl vmx smx est tm2 ssse3 sdbg fma cx16 xtpr pdcm pcid sse4_1 sse4_2 x2apic movbe popcnt tsc_deadline_timer aes xsave avx f16c rdrand lahf_lm abm 3dnowprefetch cpuid_fault epb invpcid_single pti ibrs ibpb stibp tpr_shadow vnmi flexpriority ept vpid fsgsbase tsc_adjust bmi1 hle avx2 smep bmi2 erms invpcid rtm mpx rdseed adx smap clflushopt intel_pt xsaveopt xsavec xgetbv1 xsaves dtherm ida arat pln pts hwp hwp_notify hwp_act_window hwp_epp
bugs		: cpu_meltdown spectre_v1 spectre_v2 spec_store_bypass
bogomips	: 5808.00
clflush size	: 64
cache_alignment	: 64
address sizes	: 39 bits physical, 48 bits virtual
power management:



Memory: 4k page, physical 16165712k(417440k free), swap 8155132k(6766212k free)

vm_info: Java HotSpot(TM) 64-Bit Server VM (25.152-b16) for linux-amd64 JRE (1.8.0_152-b16), built on Sep 14 2017 02:16:14 by "java_re" with gcc 4.3.0 20080428 (Red Hat 4.3.0-8)

time: Tue Sep  4 12:34:14 2018
elapsed time: 2 seconds (0d 0h 0m 2s)

